drug_data_annotated_lines_depmap$broad_cpd_id: BRD-A01145011
NULL
------------------------------------------------------------ 
drug_data_annotated_lines_depmap$broad_cpd_id: BRD-A02303741
NULL
------------------------------------------------------------ 
drug_data_annotated_lines_depmap$broad_cpd_id: BRD-A02481876
NULL
------------------------------------------------------------ 
drug_data_annotated_lines_depmap$broad_cpd_id: BRD-A02904414
NULL
------------------------------------------------------------ 
drug_data_annotated_lines_depmap$broad_cpd_id: BRD-A04287157
NULL
------------------------------------------------------------ 
drug_data_annotated_lines_depmap$broad_cpd_id: BRD-A05715709
NULL
------------------------------------------------------------ 
drug_data_annotated_lines_depmap$broad_cpd_id: BRD-A05821830
NULL
------------------------------------------------------------ 
drug_data_annotated_lines_depmap$broad_cpd_id: BRD-A09722536
NULL
------------------------------------------------------------ 
drug_data_annotated_lines_depmap$broad_cpd_id: BRD-A09890259
NULL
------------------------------------------------------------ 
drug_data_annotated_lines_depmap$broad_cpd_id: BRD-A12230535
NULL
------------------------------------------------------------ 
drug_data_annotated_lines_depmap$broad_cpd_id: BRD-A12571627
NULL
------------------------------------------------------------ 
drug_data_annotated_lines_depmap$broad_cpd_id: BRD-A13122391
NULL
------------------------------------------------------------ 
drug_data_annotated_lines_depmap$broad_cpd_id: BRD-A15100685
NULL
------------------------------------------------------------ 
drug_data_annotated_lines_depmap$broad_cpd_id: BRD-A18763547
NULL
------------------------------------------------------------ 
drug_data_annotated_lines_depmap$broad_cpd_id: BRD-A22997170
NULL
------------------------------------------------------------ 
drug_data_annotated_lines_depmap$broad_cpd_id: BRD-A25004090
NULL
------------------------------------------------------------ 
drug_data_annotated_lines_depmap$broad_cpd_id: BRD-A28105619
NULL
------------------------------------------------------------ 
drug_data_annotated_lines_depmap$broad_cpd_id: BRD-A28746609
NULL
------------------------------------------------------------ 
drug_data_annotated_lines_depmap$broad_cpd_id: BRD-A30032852
NULL
------------------------------------------------------------ 
drug_data_annotated_lines_depmap$broad_cpd_id: BRD-A31107743
NULL
------------------------------------------------------------ 
drug_data_annotated_lines_depmap$broad_cpd_id: BRD-A34462049
NULL
------------------------------------------------------------ 
drug_data_annotated_lines_depmap$broad_cpd_id: BRD-A34817987
NULL
------------------------------------------------------------ 
drug_data_annotated_lines_depmap$broad_cpd_id: BRD-A35108200
NULL
------------------------------------------------------------ 
drug_data_annotated_lines_depmap$broad_cpd_id: BRD-A35588707
NULL
------------------------------------------------------------ 
drug_data_annotated_lines_depmap$broad_cpd_id: BRD-A36275421
NULL
------------------------------------------------------------ 
drug_data_annotated_lines_depmap$broad_cpd_id: BRD-A36318220
NULL
------------------------------------------------------------ 
drug_data_annotated_lines_depmap$broad_cpd_id: BRD-A36630025
NULL
------------------------------------------------------------ 
drug_data_annotated_lines_depmap$broad_cpd_id: BRD-A38030642
NULL
------------------------------------------------------------ 
drug_data_annotated_lines_depmap$broad_cpd_id: BRD-A40802033
NULL
------------------------------------------------------------ 
drug_data_annotated_lines_depmap$broad_cpd_id: BRD-A41692738
NULL
------------------------------------------------------------ 
drug_data_annotated_lines_depmap$broad_cpd_id: BRD-A42083487
NULL
------------------------------------------------------------ 
drug_data_annotated_lines_depmap$broad_cpd_id: BRD-A42556028
NULL
------------------------------------------------------------ 
drug_data_annotated_lines_depmap$broad_cpd_id: BRD-A43210826
NULL
------------------------------------------------------------ 
drug_data_annotated_lines_depmap$broad_cpd_id: BRD-A52530402
NULL
------------------------------------------------------------ 
drug_data_annotated_lines_depmap$broad_cpd_id: BRD-A56592690
NULL
------------------------------------------------------------ 
drug_data_annotated_lines_depmap$broad_cpd_id: BRD-A57798112
NULL
------------------------------------------------------------ 
drug_data_annotated_lines_depmap$broad_cpd_id: BRD-A59431241
NULL
------------------------------------------------------------ 
drug_data_annotated_lines_depmap$broad_cpd_id: BRD-A62182663
NULL
------------------------------------------------------------ 
drug_data_annotated_lines_depmap$broad_cpd_id: BRD-A63646118
NULL
------------------------------------------------------------ 
drug_data_annotated_lines_depmap$broad_cpd_id: BRD-A67097164
NULL
------------------------------------------------------------ 
drug_data_annotated_lines_depmap$broad_cpd_id: BRD-A67788537
NULL
------------------------------------------------------------ 
drug_data_annotated_lines_depmap$broad_cpd_id: BRD-A68258842
NULL
------------------------------------------------------------ 
drug_data_annotated_lines_depmap$broad_cpd_id: BRD-A68631409
NULL
------------------------------------------------------------ 
drug_data_annotated_lines_depmap$broad_cpd_id: BRD-A70155556
NULL
------------------------------------------------------------ 
drug_data_annotated_lines_depmap$broad_cpd_id: BRD-A71883111
NULL
------------------------------------------------------------ 
drug_data_annotated_lines_depmap$broad_cpd_id: BRD-A75817871
NULL
------------------------------------------------------------ 
drug_data_annotated_lines_depmap$broad_cpd_id: BRD-A76279427
NULL
------------------------------------------------------------ 
drug_data_annotated_lines_depmap$broad_cpd_id: BRD-A76527075
NULL
------------------------------------------------------------ 
drug_data_annotated_lines_depmap$broad_cpd_id: BRD-A80213327
NULL
------------------------------------------------------------ 
drug_data_annotated_lines_depmap$broad_cpd_id: BRD-A81541225
NULL
------------------------------------------------------------ 
drug_data_annotated_lines_depmap$broad_cpd_id: BRD-A82720512
NULL
------------------------------------------------------------ 
drug_data_annotated_lines_depmap$broad_cpd_id: BRD-A83255679
NULL
------------------------------------------------------------ 
drug_data_annotated_lines_depmap$broad_cpd_id: BRD-A85667082
NULL
------------------------------------------------------------ 
drug_data_annotated_lines_depmap$broad_cpd_id: BRD-A86708339
NULL
------------------------------------------------------------ 
drug_data_annotated_lines_depmap$broad_cpd_id: BRD-A86956638
NULL
------------------------------------------------------------ 
drug_data_annotated_lines_depmap$broad_cpd_id: BRD-A91658086
NULL
------------------------------------------------------------ 
drug_data_annotated_lines_depmap$broad_cpd_id: BRD-A93255169
NULL
------------------------------------------------------------ 
drug_data_annotated_lines_depmap$broad_cpd_id: BRD-A94153989
NULL
------------------------------------------------------------ 
drug_data_annotated_lines_depmap$broad_cpd_id: BRD-A94377914
NULL
------------------------------------------------------------ 
drug_data_annotated_lines_depmap$broad_cpd_id: BRD-K00088062
NULL
------------------------------------------------------------ 
drug_data_annotated_lines_depmap$broad_cpd_id: BRD-K00317371
NULL
------------------------------------------------------------ 
drug_data_annotated_lines_depmap$broad_cpd_id: BRD-K00627859
NULL
------------------------------------------------------------ 
drug_data_annotated_lines_depmap$broad_cpd_id: BRD-K01121114
NULL
------------------------------------------------------------ 
drug_data_annotated_lines_depmap$broad_cpd_id: BRD-K01436366
NULL
------------------------------------------------------------ 
drug_data_annotated_lines_depmap$broad_cpd_id: BRD-K01567962
NULL
------------------------------------------------------------ 
drug_data_annotated_lines_depmap$broad_cpd_id: BRD-K01737880
NULL
------------------------------------------------------------ 
drug_data_annotated_lines_depmap$broad_cpd_id: BRD-K01877528
NULL
------------------------------------------------------------ 
drug_data_annotated_lines_depmap$broad_cpd_id: BRD-K02017404
NULL
------------------------------------------------------------ 
drug_data_annotated_lines_depmap$broad_cpd_id: BRD-K02113016
NULL
------------------------------------------------------------ 
drug_data_annotated_lines_depmap$broad_cpd_id: BRD-K02130563
NULL
------------------------------------------------------------ 
drug_data_annotated_lines_depmap$broad_cpd_id: BRD-K02251932
NULL
------------------------------------------------------------ 
drug_data_annotated_lines_depmap$broad_cpd_id: BRD-K02407574
NULL
------------------------------------------------------------ 
drug_data_annotated_lines_depmap$broad_cpd_id: BRD-K02492147
NULL
------------------------------------------------------------ 
drug_data_annotated_lines_depmap$broad_cpd_id: BRD-K02526760
NULL
------------------------------------------------------------ 
drug_data_annotated_lines_depmap$broad_cpd_id: BRD-K02834582
NULL
------------------------------------------------------------ 
drug_data_annotated_lines_depmap$broad_cpd_id: BRD-K02965346
NULL
------------------------------------------------------------ 
drug_data_annotated_lines_depmap$broad_cpd_id: BRD-K03391209
NULL
------------------------------------------------------------ 
drug_data_annotated_lines_depmap$broad_cpd_id: BRD-K03406345
NULL
------------------------------------------------------------ 
drug_data_annotated_lines_depmap$broad_cpd_id: BRD-K03449891
NULL
------------------------------------------------------------ 
drug_data_annotated_lines_depmap$broad_cpd_id: BRD-K03536150
NULL
------------------------------------------------------------ 
drug_data_annotated_lines_depmap$broad_cpd_id: BRD-K03911514
NULL
------------------------------------------------------------ 
drug_data_annotated_lines_depmap$broad_cpd_id: BRD-K04466929
NULL
------------------------------------------------------------ 
drug_data_annotated_lines_depmap$broad_cpd_id: BRD-K04623885
NULL
------------------------------------------------------------ 
drug_data_annotated_lines_depmap$broad_cpd_id: BRD-K04800985
NULL
------------------------------------------------------------ 
drug_data_annotated_lines_depmap$broad_cpd_id: BRD-K04905989
NULL
------------------------------------------------------------ 
drug_data_annotated_lines_depmap$broad_cpd_id: BRD-K04923131
NULL
------------------------------------------------------------ 
drug_data_annotated_lines_depmap$broad_cpd_id: BRD-K05392795
NULL
------------------------------------------------------------ 
drug_data_annotated_lines_depmap$broad_cpd_id: BRD-K05402890
NULL
------------------------------------------------------------ 
drug_data_annotated_lines_depmap$broad_cpd_id: BRD-K05649647
NULL
------------------------------------------------------------ 
drug_data_annotated_lines_depmap$broad_cpd_id: BRD-K05653692
NULL
------------------------------------------------------------ 
drug_data_annotated_lines_depmap$broad_cpd_id: BRD-K06593056
NULL
------------------------------------------------------------ 
drug_data_annotated_lines_depmap$broad_cpd_id: BRD-K06750613
NULL
------------------------------------------------------------ 
drug_data_annotated_lines_depmap$broad_cpd_id: BRD-K06792661
NULL
------------------------------------------------------------ 
drug_data_annotated_lines_depmap$broad_cpd_id: BRD-K06854232
NULL
------------------------------------------------------------ 
drug_data_annotated_lines_depmap$broad_cpd_id: BRD-K07303502
NULL
------------------------------------------------------------ 
drug_data_annotated_lines_depmap$broad_cpd_id: BRD-K07442505
NULL
------------------------------------------------------------ 
drug_data_annotated_lines_depmap$broad_cpd_id: BRD-K08109215
NULL
------------------------------------------------------------ 
drug_data_annotated_lines_depmap$broad_cpd_id: BRD-K08177763
NULL
------------------------------------------------------------ 
drug_data_annotated_lines_depmap$broad_cpd_id: BRD-K08417745
NULL
------------------------------------------------------------ 
drug_data_annotated_lines_depmap$broad_cpd_id: BRD-K08589866
NULL
------------------------------------------------------------ 
drug_data_annotated_lines_depmap$broad_cpd_id: BRD-K08608874
NULL
------------------------------------------------------------ 
drug_data_annotated_lines_depmap$broad_cpd_id: BRD-K09344309
NULL
------------------------------------------------------------ 
drug_data_annotated_lines_depmap$broad_cpd_id: BRD-K09485525
NULL
------------------------------------------------------------ 
drug_data_annotated_lines_depmap$broad_cpd_id: BRD-K09499853
NULL
------------------------------------------------------------ 
drug_data_annotated_lines_depmap$broad_cpd_id: BRD-K09587429
NULL
------------------------------------------------------------ 
drug_data_annotated_lines_depmap$broad_cpd_id: BRD-K09778810
NULL
------------------------------------------------------------ 
drug_data_annotated_lines_depmap$broad_cpd_id: BRD-K09907482
NULL
------------------------------------------------------------ 
drug_data_annotated_lines_depmap$broad_cpd_id: BRD-K09951645
NULL
------------------------------------------------------------ 
drug_data_annotated_lines_depmap$broad_cpd_id: BRD-K10466330
NULL
------------------------------------------------------------ 
drug_data_annotated_lines_depmap$broad_cpd_id: BRD-K10705233
NULL
------------------------------------------------------------ 
drug_data_annotated_lines_depmap$broad_cpd_id: BRD-K10882151
NULL
------------------------------------------------------------ 
drug_data_annotated_lines_depmap$broad_cpd_id: BRD-K11172604
NULL
------------------------------------------------------------ 
drug_data_annotated_lines_depmap$broad_cpd_id: BRD-K11533227
NULL
------------------------------------------------------------ 
drug_data_annotated_lines_depmap$broad_cpd_id: BRD-K11593101
NULL
------------------------------------------------------------ 
drug_data_annotated_lines_depmap$broad_cpd_id: BRD-K11626735
NULL
------------------------------------------------------------ 
drug_data_annotated_lines_depmap$broad_cpd_id: BRD-K11740178
NULL
------------------------------------------------------------ 
drug_data_annotated_lines_depmap$broad_cpd_id: BRD-K12040459
NULL
------------------------------------------------------------ 
drug_data_annotated_lines_depmap$broad_cpd_id: BRD-K12184916
NULL
------------------------------------------------------------ 
drug_data_annotated_lines_depmap$broad_cpd_id: BRD-K12343256
NULL
------------------------------------------------------------ 
drug_data_annotated_lines_depmap$broad_cpd_id: BRD-K12502280
NULL
------------------------------------------------------------ 
drug_data_annotated_lines_depmap$broad_cpd_id: BRD-K12994359
NULL
------------------------------------------------------------ 
drug_data_annotated_lines_depmap$broad_cpd_id: BRD-K13032584
NULL
------------------------------------------------------------ 
drug_data_annotated_lines_depmap$broad_cpd_id: BRD-K13044802
NULL
------------------------------------------------------------ 
drug_data_annotated_lines_depmap$broad_cpd_id: BRD-K13049116
NULL
------------------------------------------------------------ 
drug_data_annotated_lines_depmap$broad_cpd_id: BRD-K13185470
NULL
------------------------------------------------------------ 
drug_data_annotated_lines_depmap$broad_cpd_id: BRD-K13566078
NULL
------------------------------------------------------------ 
drug_data_annotated_lines_depmap$broad_cpd_id: BRD-K13662825
NULL
------------------------------------------------------------ 
drug_data_annotated_lines_depmap$broad_cpd_id: BRD-K13999467
NULL
------------------------------------------------------------ 
drug_data_annotated_lines_depmap$broad_cpd_id: BRD-K14844214
NULL
------------------------------------------------------------ 
drug_data_annotated_lines_depmap$broad_cpd_id: BRD-K14870255
NULL
------------------------------------------------------------ 
drug_data_annotated_lines_depmap$broad_cpd_id: BRD-K15108141
NULL
------------------------------------------------------------ 
drug_data_annotated_lines_depmap$broad_cpd_id: BRD-K15179513
NULL
------------------------------------------------------------ 
drug_data_annotated_lines_depmap$broad_cpd_id: BRD-K15318909
NULL
------------------------------------------------------------ 
drug_data_annotated_lines_depmap$broad_cpd_id: BRD-K15563106
NULL
------------------------------------------------------------ 
drug_data_annotated_lines_depmap$broad_cpd_id: BRD-K15600710
NULL
------------------------------------------------------------ 
drug_data_annotated_lines_depmap$broad_cpd_id: BRD-K16130065
NULL
------------------------------------------------------------ 
drug_data_annotated_lines_depmap$broad_cpd_id: BRD-K16147474
NULL
------------------------------------------------------------ 
drug_data_annotated_lines_depmap$broad_cpd_id: BRD-K16189898
NULL
------------------------------------------------------------ 
drug_data_annotated_lines_depmap$broad_cpd_id: BRD-K16478699
NULL
------------------------------------------------------------ 
drug_data_annotated_lines_depmap$broad_cpd_id: BRD-K16730910
NULL
------------------------------------------------------------ 
drug_data_annotated_lines_depmap$broad_cpd_id: BRD-K16761703
NULL
------------------------------------------------------------ 
drug_data_annotated_lines_depmap$broad_cpd_id: BRD-K17060750
NULL
------------------------------------------------------------ 
drug_data_annotated_lines_depmap$broad_cpd_id: BRD-K17068645
NULL
------------------------------------------------------------ 
drug_data_annotated_lines_depmap$broad_cpd_id: BRD-K17140735
NULL
------------------------------------------------------------ 
drug_data_annotated_lines_depmap$broad_cpd_id: BRD-K17349619
NULL
------------------------------------------------------------ 
drug_data_annotated_lines_depmap$broad_cpd_id: BRD-K17610631
NULL
------------------------------------------------------------ 
drug_data_annotated_lines_depmap$broad_cpd_id: BRD-K17743125
NULL
------------------------------------------------------------ 
drug_data_annotated_lines_depmap$broad_cpd_id: BRD-K17953061
NULL
------------------------------------------------------------ 
drug_data_annotated_lines_depmap$broad_cpd_id: BRD-K18589165
NULL
------------------------------------------------------------ 
drug_data_annotated_lines_depmap$broad_cpd_id: BRD-K18850819
NULL
------------------------------------------------------------ 
drug_data_annotated_lines_depmap$broad_cpd_id: BRD-K19103580
NULL
------------------------------------------------------------ 
drug_data_annotated_lines_depmap$broad_cpd_id: BRD-K19295594
NULL
------------------------------------------------------------ 
drug_data_annotated_lines_depmap$broad_cpd_id: BRD-K19352500
NULL
------------------------------------------------------------ 
drug_data_annotated_lines_depmap$broad_cpd_id: BRD-K19416115
NULL
------------------------------------------------------------ 
drug_data_annotated_lines_depmap$broad_cpd_id: BRD-K19477839
NULL
------------------------------------------------------------ 
drug_data_annotated_lines_depmap$broad_cpd_id: BRD-K19540840
NULL
------------------------------------------------------------ 
drug_data_annotated_lines_depmap$broad_cpd_id: BRD-K19687926
NULL
------------------------------------------------------------ 
drug_data_annotated_lines_depmap$broad_cpd_id: BRD-K19796430
NULL
------------------------------------------------------------ 
drug_data_annotated_lines_depmap$broad_cpd_id: BRD-K19894101
NULL
------------------------------------------------------------ 
drug_data_annotated_lines_depmap$broad_cpd_id: BRD-K20215950
NULL
------------------------------------------------------------ 
drug_data_annotated_lines_depmap$broad_cpd_id: BRD-K20285085
NULL
------------------------------------------------------------ 
drug_data_annotated_lines_depmap$broad_cpd_id: BRD-K20514654
NULL
------------------------------------------------------------ 
drug_data_annotated_lines_depmap$broad_cpd_id: BRD-K20755323
NULL
------------------------------------------------------------ 
drug_data_annotated_lines_depmap$broad_cpd_id: BRD-K21718444
NULL
------------------------------------------------------------ 
drug_data_annotated_lines_depmap$broad_cpd_id: BRD-K22024824
NULL
------------------------------------------------------------ 
drug_data_annotated_lines_depmap$broad_cpd_id: BRD-K22134346
NULL
------------------------------------------------------------ 
drug_data_annotated_lines_depmap$broad_cpd_id: BRD-K22477529
NULL
------------------------------------------------------------ 
drug_data_annotated_lines_depmap$broad_cpd_id: BRD-K22828899
NULL
------------------------------------------------------------ 
drug_data_annotated_lines_depmap$broad_cpd_id: BRD-K23547378
NULL
------------------------------------------------------------ 
drug_data_annotated_lines_depmap$broad_cpd_id: BRD-K23853216
NULL
------------------------------------------------------------ 
drug_data_annotated_lines_depmap$broad_cpd_id: BRD-K23984367
NULL
------------------------------------------------------------ 
drug_data_annotated_lines_depmap$broad_cpd_id: BRD-K24132293
NULL
------------------------------------------------------------ 
drug_data_annotated_lines_depmap$broad_cpd_id: BRD-K24376488
NULL
------------------------------------------------------------ 
drug_data_annotated_lines_depmap$broad_cpd_id: BRD-K24556407
NULL
------------------------------------------------------------ 
drug_data_annotated_lines_depmap$broad_cpd_id: BRD-K24690302
NULL
------------------------------------------------------------ 
drug_data_annotated_lines_depmap$broad_cpd_id: BRD-K24784241
NULL
------------------------------------------------------------ 
drug_data_annotated_lines_depmap$broad_cpd_id: BRD-K24844714
NULL
------------------------------------------------------------ 
drug_data_annotated_lines_depmap$broad_cpd_id: BRD-K25311561
NULL
------------------------------------------------------------ 
drug_data_annotated_lines_depmap$broad_cpd_id: BRD-K25340465
NULL
------------------------------------------------------------ 
drug_data_annotated_lines_depmap$broad_cpd_id: BRD-K25737009
NULL
------------------------------------------------------------ 
drug_data_annotated_lines_depmap$broad_cpd_id: BRD-K25987073
NULL
------------------------------------------------------------ 
drug_data_annotated_lines_depmap$broad_cpd_id: BRD-K26531177
NULL
------------------------------------------------------------ 
drug_data_annotated_lines_depmap$broad_cpd_id: BRD-K26603252
NULL
------------------------------------------------------------ 
drug_data_annotated_lines_depmap$broad_cpd_id: BRD-K26664453
NULL
------------------------------------------------------------ 
drug_data_annotated_lines_depmap$broad_cpd_id: BRD-K26818574
NULL
------------------------------------------------------------ 
drug_data_annotated_lines_depmap$broad_cpd_id: BRD-K27188169
NULL
------------------------------------------------------------ 
drug_data_annotated_lines_depmap$broad_cpd_id: BRD-K27224038
NULL
------------------------------------------------------------ 
drug_data_annotated_lines_depmap$broad_cpd_id: BRD-K27624156
NULL
------------------------------------------------------------ 
drug_data_annotated_lines_depmap$broad_cpd_id: BRD-K27955832
NULL
------------------------------------------------------------ 
drug_data_annotated_lines_depmap$broad_cpd_id: BRD-K27986637
NULL
------------------------------------------------------------ 
drug_data_annotated_lines_depmap$broad_cpd_id: BRD-K28360340
NULL
------------------------------------------------------------ 
drug_data_annotated_lines_depmap$broad_cpd_id: BRD-K28392481
NULL
------------------------------------------------------------ 
drug_data_annotated_lines_depmap$broad_cpd_id: BRD-K28428262
NULL
------------------------------------------------------------ 
drug_data_annotated_lines_depmap$broad_cpd_id: BRD-K28456706
NULL
------------------------------------------------------------ 
drug_data_annotated_lines_depmap$broad_cpd_id: BRD-K28907958
NULL
------------------------------------------------------------ 
drug_data_annotated_lines_depmap$broad_cpd_id: BRD-K29086754
NULL
------------------------------------------------------------ 
drug_data_annotated_lines_depmap$broad_cpd_id: BRD-K29313308
NULL
------------------------------------------------------------ 
drug_data_annotated_lines_depmap$broad_cpd_id: BRD-K29395450
NULL
------------------------------------------------------------ 
drug_data_annotated_lines_depmap$broad_cpd_id: BRD-K29458283
NULL
------------------------------------------------------------ 
drug_data_annotated_lines_depmap$broad_cpd_id: BRD-K29711668
NULL
------------------------------------------------------------ 
drug_data_annotated_lines_depmap$broad_cpd_id: BRD-K29905972
NULL
------------------------------------------------------------ 
drug_data_annotated_lines_depmap$broad_cpd_id: BRD-K29968218
NULL
------------------------------------------------------------ 
drug_data_annotated_lines_depmap$broad_cpd_id: BRD-K30019337
NULL
------------------------------------------------------------ 
drug_data_annotated_lines_depmap$broad_cpd_id: BRD-K30064966
NULL
------------------------------------------------------------ 
drug_data_annotated_lines_depmap$broad_cpd_id: BRD-K30748066
NULL
------------------------------------------------------------ 
drug_data_annotated_lines_depmap$broad_cpd_id: BRD-K31406481
NULL
------------------------------------------------------------ 
drug_data_annotated_lines_depmap$broad_cpd_id: BRD-K31514534
NULL
------------------------------------------------------------ 
drug_data_annotated_lines_depmap$broad_cpd_id: BRD-K32330832
NULL
------------------------------------------------------------ 
drug_data_annotated_lines_depmap$broad_cpd_id: BRD-K32536677
NULL
------------------------------------------------------------ 
drug_data_annotated_lines_depmap$broad_cpd_id: BRD-K33106058
NULL
------------------------------------------------------------ 
drug_data_annotated_lines_depmap$broad_cpd_id: BRD-K33199242
NULL
------------------------------------------------------------ 
drug_data_annotated_lines_depmap$broad_cpd_id: BRD-K33379087
NULL
------------------------------------------------------------ 
drug_data_annotated_lines_depmap$broad_cpd_id: BRD-K33514849
NULL
------------------------------------------------------------ 
drug_data_annotated_lines_depmap$broad_cpd_id: BRD-K33583600
NULL
------------------------------------------------------------ 
drug_data_annotated_lines_depmap$broad_cpd_id: BRD-K34022604
NULL
------------------------------------------------------------ 
drug_data_annotated_lines_depmap$broad_cpd_id: BRD-K34099515
NULL
------------------------------------------------------------ 
drug_data_annotated_lines_depmap$broad_cpd_id: BRD-K34157611
NULL
------------------------------------------------------------ 
drug_data_annotated_lines_depmap$broad_cpd_id: BRD-K34222889
NULL
------------------------------------------------------------ 
drug_data_annotated_lines_depmap$broad_cpd_id: BRD-K34485477
NULL
------------------------------------------------------------ 
drug_data_annotated_lines_depmap$broad_cpd_id: BRD-K34581968
NULL
------------------------------------------------------------ 
drug_data_annotated_lines_depmap$broad_cpd_id: BRD-K35498412
NULL
------------------------------------------------------------ 
drug_data_annotated_lines_depmap$broad_cpd_id: BRD-K35520305
NULL
------------------------------------------------------------ 
drug_data_annotated_lines_depmap$broad_cpd_id: BRD-K35604418
NULL
------------------------------------------------------------ 
drug_data_annotated_lines_depmap$broad_cpd_id: BRD-K35708212
NULL
------------------------------------------------------------ 
drug_data_annotated_lines_depmap$broad_cpd_id: BRD-K35716340
NULL
------------------------------------------------------------ 
drug_data_annotated_lines_depmap$broad_cpd_id: BRD-K35723520
NULL
------------------------------------------------------------ 
drug_data_annotated_lines_depmap$broad_cpd_id: BRD-K35960502
NULL
------------------------------------------------------------ 
drug_data_annotated_lines_depmap$broad_cpd_id: BRD-K36016295
NULL
------------------------------------------------------------ 
drug_data_annotated_lines_depmap$broad_cpd_id: BRD-K36363294
NULL
------------------------------------------------------------ 
drug_data_annotated_lines_depmap$broad_cpd_id: BRD-K36739687
NULL
------------------------------------------------------------ 
drug_data_annotated_lines_depmap$broad_cpd_id: BRD-K36852164
NULL
------------------------------------------------------------ 
drug_data_annotated_lines_depmap$broad_cpd_id: BRD-K37390332
NULL
------------------------------------------------------------ 
drug_data_annotated_lines_depmap$broad_cpd_id: BRD-K37392901
NULL
------------------------------------------------------------ 
drug_data_annotated_lines_depmap$broad_cpd_id: BRD-K37720887
NULL
------------------------------------------------------------ 
drug_data_annotated_lines_depmap$broad_cpd_id: BRD-K37764012
NULL
------------------------------------------------------------ 
drug_data_annotated_lines_depmap$broad_cpd_id: BRD-K37798499
NULL
------------------------------------------------------------ 
drug_data_annotated_lines_depmap$broad_cpd_id: BRD-K37865504
NULL
------------------------------------------------------------ 
drug_data_annotated_lines_depmap$broad_cpd_id: BRD-K38264551
NULL
------------------------------------------------------------ 
drug_data_annotated_lines_depmap$broad_cpd_id: BRD-K38985961
NULL
------------------------------------------------------------ 
drug_data_annotated_lines_depmap$broad_cpd_id: BRD-K39706510
NULL
------------------------------------------------------------ 
drug_data_annotated_lines_depmap$broad_cpd_id: BRD-K39974922
NULL
------------------------------------------------------------ 
drug_data_annotated_lines_depmap$broad_cpd_id: BRD-K40853697
NULL
------------------------------------------------------------ 
drug_data_annotated_lines_depmap$broad_cpd_id: BRD-K41334119
NULL
------------------------------------------------------------ 
drug_data_annotated_lines_depmap$broad_cpd_id: BRD-K41597374
NULL
------------------------------------------------------------ 
drug_data_annotated_lines_depmap$broad_cpd_id: BRD-K42137908
NULL
------------------------------------------------------------ 
drug_data_annotated_lines_depmap$broad_cpd_id: BRD-K42260513
NULL
------------------------------------------------------------ 
drug_data_annotated_lines_depmap$broad_cpd_id: BRD-K42828737
NULL
------------------------------------------------------------ 
drug_data_annotated_lines_depmap$broad_cpd_id: BRD-K43149758
NULL
------------------------------------------------------------ 
drug_data_annotated_lines_depmap$broad_cpd_id: BRD-K43389698
NULL
------------------------------------------------------------ 
drug_data_annotated_lines_depmap$broad_cpd_id: BRD-K43410529
NULL
------------------------------------------------------------ 
drug_data_annotated_lines_depmap$broad_cpd_id: BRD-K43428468
NULL
------------------------------------------------------------ 
drug_data_annotated_lines_depmap$broad_cpd_id: BRD-K43644456
NULL
------------------------------------------------------------ 
drug_data_annotated_lines_depmap$broad_cpd_id: BRD-K44224150
NULL
------------------------------------------------------------ 
drug_data_annotated_lines_depmap$broad_cpd_id: BRD-K44241590
NULL
------------------------------------------------------------ 
drug_data_annotated_lines_depmap$broad_cpd_id: BRD-K44741158
NULL
------------------------------------------------------------ 
drug_data_annotated_lines_depmap$broad_cpd_id: BRD-K44847641
NULL
------------------------------------------------------------ 
drug_data_annotated_lines_depmap$broad_cpd_id: BRD-K45401373
NULL
------------------------------------------------------------ 
drug_data_annotated_lines_depmap$broad_cpd_id: BRD-K45681478
NULL
------------------------------------------------------------ 
drug_data_annotated_lines_depmap$broad_cpd_id: BRD-K45748132
NULL
------------------------------------------------------------ 
drug_data_annotated_lines_depmap$broad_cpd_id: BRD-K45841694
NULL
------------------------------------------------------------ 
drug_data_annotated_lines_depmap$broad_cpd_id: BRD-K45935533
NULL
------------------------------------------------------------ 
drug_data_annotated_lines_depmap$broad_cpd_id: BRD-K46556387
NULL
------------------------------------------------------------ 
drug_data_annotated_lines_depmap$broad_cpd_id: BRD-K47150025
NULL
------------------------------------------------------------ 
drug_data_annotated_lines_depmap$broad_cpd_id: BRD-K47335880
NULL
------------------------------------------------------------ 
drug_data_annotated_lines_depmap$broad_cpd_id: BRD-K47503321
NULL
------------------------------------------------------------ 
drug_data_annotated_lines_depmap$broad_cpd_id: BRD-K47981327
NULL
------------------------------------------------------------ 
drug_data_annotated_lines_depmap$broad_cpd_id: BRD-K48334597
NULL
------------------------------------------------------------ 
drug_data_annotated_lines_depmap$broad_cpd_id: BRD-K48477130
NULL
------------------------------------------------------------ 
drug_data_annotated_lines_depmap$broad_cpd_id: BRD-K49075727
NULL
------------------------------------------------------------ 
drug_data_annotated_lines_depmap$broad_cpd_id: BRD-K49215523
NULL
------------------------------------------------------------ 
drug_data_annotated_lines_depmap$broad_cpd_id: BRD-K49290616
NULL
------------------------------------------------------------ 
drug_data_annotated_lines_depmap$broad_cpd_id: BRD-K49328571
NULL
------------------------------------------------------------ 
drug_data_annotated_lines_depmap$broad_cpd_id: BRD-K49456190
NULL
------------------------------------------------------------ 
drug_data_annotated_lines_depmap$broad_cpd_id: BRD-K50071428
NULL
------------------------------------------------------------ 
drug_data_annotated_lines_depmap$broad_cpd_id: BRD-K50128260
NULL
------------------------------------------------------------ 
drug_data_annotated_lines_depmap$broad_cpd_id: BRD-K50140147
NULL
------------------------------------------------------------ 
drug_data_annotated_lines_depmap$broad_cpd_id: BRD-K50145167
NULL
------------------------------------------------------------ 
drug_data_annotated_lines_depmap$broad_cpd_id: BRD-K50168500
NULL
------------------------------------------------------------ 
drug_data_annotated_lines_depmap$broad_cpd_id: BRD-K50501969
NULL
------------------------------------------------------------ 
drug_data_annotated_lines_depmap$broad_cpd_id: BRD-K50799972
NULL
------------------------------------------------------------ 
drug_data_annotated_lines_depmap$broad_cpd_id: BRD-K51490254
NULL
------------------------------------------------------------ 
drug_data_annotated_lines_depmap$broad_cpd_id: BRD-K51544265
NULL
------------------------------------------------------------ 
drug_data_annotated_lines_depmap$broad_cpd_id: BRD-K51575138
NULL
------------------------------------------------------------ 
drug_data_annotated_lines_depmap$broad_cpd_id: BRD-K51781482
NULL
------------------------------------------------------------ 
drug_data_annotated_lines_depmap$broad_cpd_id: BRD-K51831558
NULL
------------------------------------------------------------ 
drug_data_annotated_lines_depmap$broad_cpd_id: BRD-K52037352
NULL
------------------------------------------------------------ 
drug_data_annotated_lines_depmap$broad_cpd_id: BRD-K52075040
NULL
------------------------------------------------------------ 
drug_data_annotated_lines_depmap$broad_cpd_id: BRD-K52313696
NULL
------------------------------------------------------------ 
drug_data_annotated_lines_depmap$broad_cpd_id: BRD-K52560704
NULL
------------------------------------------------------------ 
drug_data_annotated_lines_depmap$broad_cpd_id: BRD-K52836380
NULL
------------------------------------------------------------ 
drug_data_annotated_lines_depmap$broad_cpd_id: BRD-K52911425
NULL
------------------------------------------------------------ 
drug_data_annotated_lines_depmap$broad_cpd_id: BRD-K53328210
NULL
------------------------------------------------------------ 
drug_data_annotated_lines_depmap$broad_cpd_id: BRD-K53414658
NULL
------------------------------------------------------------ 
drug_data_annotated_lines_depmap$broad_cpd_id: BRD-K53792571
NULL
------------------------------------------------------------ 
drug_data_annotated_lines_depmap$broad_cpd_id: BRD-K53855319
NULL
------------------------------------------------------------ 
drug_data_annotated_lines_depmap$broad_cpd_id: BRD-K53903639
NULL
------------------------------------------------------------ 
drug_data_annotated_lines_depmap$broad_cpd_id: BRD-K53972329
NULL
------------------------------------------------------------ 
drug_data_annotated_lines_depmap$broad_cpd_id: BRD-K54256913
NULL
------------------------------------------------------------ 
drug_data_annotated_lines_depmap$broad_cpd_id: BRD-K54606188
NULL
------------------------------------------------------------ 
drug_data_annotated_lines_depmap$broad_cpd_id: BRD-K54640016
NULL
------------------------------------------------------------ 
drug_data_annotated_lines_depmap$broad_cpd_id: BRD-K54997624
NULL
------------------------------------------------------------ 
drug_data_annotated_lines_depmap$broad_cpd_id: BRD-K55116708
NULL
------------------------------------------------------------ 
drug_data_annotated_lines_depmap$broad_cpd_id: BRD-K55125219
NULL
------------------------------------------------------------ 
drug_data_annotated_lines_depmap$broad_cpd_id: BRD-K55187425
NULL
------------------------------------------------------------ 
drug_data_annotated_lines_depmap$broad_cpd_id: BRD-K55478147
NULL
------------------------------------------------------------ 
drug_data_annotated_lines_depmap$broad_cpd_id: BRD-K55591206
NULL
------------------------------------------------------------ 
drug_data_annotated_lines_depmap$broad_cpd_id: BRD-K55696337
NULL
------------------------------------------------------------ 
drug_data_annotated_lines_depmap$broad_cpd_id: BRD-K56277358
NULL
------------------------------------------------------------ 
drug_data_annotated_lines_depmap$broad_cpd_id: BRD-K56301217
NULL
------------------------------------------------------------ 
drug_data_annotated_lines_depmap$broad_cpd_id: BRD-K56343971
NULL
------------------------------------------------------------ 
drug_data_annotated_lines_depmap$broad_cpd_id: BRD-K57080016
NULL
------------------------------------------------------------ 
drug_data_annotated_lines_depmap$broad_cpd_id: BRD-K57252013
NULL
------------------------------------------------------------ 
drug_data_annotated_lines_depmap$broad_cpd_id: BRD-K57261999
NULL
------------------------------------------------------------ 
drug_data_annotated_lines_depmap$broad_cpd_id: BRD-K58306044
NULL
------------------------------------------------------------ 
drug_data_annotated_lines_depmap$broad_cpd_id: BRD-K58435339
NULL
------------------------------------------------------------ 
drug_data_annotated_lines_depmap$broad_cpd_id: BRD-K58550667
NULL
------------------------------------------------------------ 
drug_data_annotated_lines_depmap$broad_cpd_id: BRD-K58730230
NULL
------------------------------------------------------------ 
drug_data_annotated_lines_depmap$broad_cpd_id: BRD-K58772419
NULL
------------------------------------------------------------ 
drug_data_annotated_lines_depmap$broad_cpd_id: BRD-K59146805
NULL
------------------------------------------------------------ 
drug_data_annotated_lines_depmap$broad_cpd_id: BRD-K59204667
NULL
------------------------------------------------------------ 
drug_data_annotated_lines_depmap$broad_cpd_id: BRD-K59369769
NULL
------------------------------------------------------------ 
drug_data_annotated_lines_depmap$broad_cpd_id: BRD-K59437938
NULL
------------------------------------------------------------ 
drug_data_annotated_lines_depmap$broad_cpd_id: BRD-K59456551
NULL
------------------------------------------------------------ 
drug_data_annotated_lines_depmap$broad_cpd_id: BRD-K59670716
NULL
------------------------------------------------------------ 
drug_data_annotated_lines_depmap$broad_cpd_id: BRD-K59962020
NULL
------------------------------------------------------------ 
drug_data_annotated_lines_depmap$broad_cpd_id: BRD-K60219430
NULL
------------------------------------------------------------ 
drug_data_annotated_lines_depmap$broad_cpd_id: BRD-K60230970
NULL
------------------------------------------------------------ 
drug_data_annotated_lines_depmap$broad_cpd_id: BRD-K60750172
NULL
------------------------------------------------------------ 
drug_data_annotated_lines_depmap$broad_cpd_id: BRD-K60866521
NULL
------------------------------------------------------------ 
drug_data_annotated_lines_depmap$broad_cpd_id: BRD-K61128465
NULL
------------------------------------------------------------ 
drug_data_annotated_lines_depmap$broad_cpd_id: BRD-K61166597
NULL
------------------------------------------------------------ 
drug_data_annotated_lines_depmap$broad_cpd_id: BRD-K61323504
NULL
------------------------------------------------------------ 
drug_data_annotated_lines_depmap$broad_cpd_id: BRD-K61662457
NULL
------------------------------------------------------------ 
drug_data_annotated_lines_depmap$broad_cpd_id: BRD-K61829047
NULL
------------------------------------------------------------ 
drug_data_annotated_lines_depmap$broad_cpd_id: BRD-K62358710
NULL
------------------------------------------------------------ 
drug_data_annotated_lines_depmap$broad_cpd_id: BRD-K62391742
NULL
------------------------------------------------------------ 
drug_data_annotated_lines_depmap$broad_cpd_id: BRD-K62479592
NULL
------------------------------------------------------------ 
drug_data_annotated_lines_depmap$broad_cpd_id: BRD-K62801835
NULL
------------------------------------------------------------ 
drug_data_annotated_lines_depmap$broad_cpd_id: BRD-K62825658
NULL
------------------------------------------------------------ 
drug_data_annotated_lines_depmap$broad_cpd_id: BRD-K62965247
NULL
------------------------------------------------------------ 
drug_data_annotated_lines_depmap$broad_cpd_id: BRD-K63068307
NULL
------------------------------------------------------------ 
drug_data_annotated_lines_depmap$broad_cpd_id: BRD-K63195589
NULL
------------------------------------------------------------ 
drug_data_annotated_lines_depmap$broad_cpd_id: BRD-K63431240
NULL
------------------------------------------------------------ 
drug_data_annotated_lines_depmap$broad_cpd_id: BRD-K63923597
NULL
------------------------------------------------------------ 
drug_data_annotated_lines_depmap$broad_cpd_id: BRD-K64052750
NULL
------------------------------------------------------------ 
drug_data_annotated_lines_depmap$broad_cpd_id: BRD-K64117221
NULL
------------------------------------------------------------ 
drug_data_annotated_lines_depmap$broad_cpd_id: BRD-K64497429
NULL
------------------------------------------------------------ 
drug_data_annotated_lines_depmap$broad_cpd_id: BRD-K64606589
NULL
------------------------------------------------------------ 
drug_data_annotated_lines_depmap$broad_cpd_id: BRD-K64610608
NULL
------------------------------------------------------------ 
drug_data_annotated_lines_depmap$broad_cpd_id: BRD-K64634304
NULL
------------------------------------------------------------ 
drug_data_annotated_lines_depmap$broad_cpd_id: BRD-K64642496
NULL
------------------------------------------------------------ 
drug_data_annotated_lines_depmap$broad_cpd_id: BRD-K64785675
NULL
------------------------------------------------------------ 
drug_data_annotated_lines_depmap$broad_cpd_id: BRD-K64800655
NULL
------------------------------------------------------------ 
drug_data_annotated_lines_depmap$broad_cpd_id: BRD-K64890080
NULL
------------------------------------------------------------ 
drug_data_annotated_lines_depmap$broad_cpd_id: BRD-K65592642
NULL
------------------------------------------------------------ 
drug_data_annotated_lines_depmap$broad_cpd_id: BRD-K65928735
NULL
------------------------------------------------------------ 
drug_data_annotated_lines_depmap$broad_cpd_id: BRD-K66175015
NULL
------------------------------------------------------------ 
drug_data_annotated_lines_depmap$broad_cpd_id: BRD-K66430217
NULL
------------------------------------------------------------ 
drug_data_annotated_lines_depmap$broad_cpd_id: BRD-K66453893
NULL
------------------------------------------------------------ 
drug_data_annotated_lines_depmap$broad_cpd_id: BRD-K66532283
NULL
------------------------------------------------------------ 
drug_data_annotated_lines_depmap$broad_cpd_id: BRD-K66874953
NULL
------------------------------------------------------------ 
drug_data_annotated_lines_depmap$broad_cpd_id: BRD-K67112618
NULL
------------------------------------------------------------ 
drug_data_annotated_lines_depmap$broad_cpd_id: BRD-K67298865
NULL
------------------------------------------------------------ 
drug_data_annotated_lines_depmap$broad_cpd_id: BRD-K67566344
NULL
------------------------------------------------------------ 
drug_data_annotated_lines_depmap$broad_cpd_id: BRD-K67578145
NULL
------------------------------------------------------------ 
drug_data_annotated_lines_depmap$broad_cpd_id: BRD-K67844266
NULL
------------------------------------------------------------ 
drug_data_annotated_lines_depmap$broad_cpd_id: BRD-K67868012
NULL
------------------------------------------------------------ 
drug_data_annotated_lines_depmap$broad_cpd_id: BRD-K68065987
NULL
------------------------------------------------------------ 
drug_data_annotated_lines_depmap$broad_cpd_id: BRD-K68143200
NULL
------------------------------------------------------------ 
drug_data_annotated_lines_depmap$broad_cpd_id: BRD-K68548958
NULL
------------------------------------------------------------ 
drug_data_annotated_lines_depmap$broad_cpd_id: BRD-K68682020
NULL
------------------------------------------------------------ 
drug_data_annotated_lines_depmap$broad_cpd_id: BRD-K69172251
NULL
------------------------------------------------------------ 
drug_data_annotated_lines_depmap$broad_cpd_id: BRD-K69608737
NULL
------------------------------------------------------------ 
drug_data_annotated_lines_depmap$broad_cpd_id: BRD-K69840642
NULL
------------------------------------------------------------ 
drug_data_annotated_lines_depmap$broad_cpd_id: BRD-K69932463
NULL
------------------------------------------------------------ 
drug_data_annotated_lines_depmap$broad_cpd_id: BRD-K69982010
NULL
------------------------------------------------------------ 
drug_data_annotated_lines_depmap$broad_cpd_id: BRD-K70301465
NULL
------------------------------------------------------------ 
drug_data_annotated_lines_depmap$broad_cpd_id: BRD-K70401845
NULL
------------------------------------------------------------ 
drug_data_annotated_lines_depmap$broad_cpd_id: BRD-K70809902
NULL
------------------------------------------------------------ 
drug_data_annotated_lines_depmap$broad_cpd_id: BRD-K71035033
NULL
------------------------------------------------------------ 
drug_data_annotated_lines_depmap$broad_cpd_id: BRD-K71281111
NULL
------------------------------------------------------------ 
drug_data_annotated_lines_depmap$broad_cpd_id: BRD-K71467466
NULL
------------------------------------------------------------ 
drug_data_annotated_lines_depmap$broad_cpd_id: BRD-K71487808
NULL
------------------------------------------------------------ 
drug_data_annotated_lines_depmap$broad_cpd_id: BRD-K71726959
NULL
------------------------------------------------------------ 
drug_data_annotated_lines_depmap$broad_cpd_id: BRD-K71781559
NULL
------------------------------------------------------------ 
drug_data_annotated_lines_depmap$broad_cpd_id: BRD-K71935468
NULL
------------------------------------------------------------ 
drug_data_annotated_lines_depmap$broad_cpd_id: BRD-K72264770
NULL
------------------------------------------------------------ 
drug_data_annotated_lines_depmap$broad_cpd_id: BRD-K72420232
NULL
------------------------------------------------------------ 
drug_data_annotated_lines_depmap$broad_cpd_id: BRD-K73261812
NULL
------------------------------------------------------------ 
drug_data_annotated_lines_depmap$broad_cpd_id: BRD-K73397362
NULL
------------------------------------------------------------ 
drug_data_annotated_lines_depmap$broad_cpd_id: BRD-K74065929
NULL
------------------------------------------------------------ 
drug_data_annotated_lines_depmap$broad_cpd_id: BRD-K74148702
NULL
------------------------------------------------------------ 
drug_data_annotated_lines_depmap$broad_cpd_id: BRD-K74236984
NULL
------------------------------------------------------------ 
drug_data_annotated_lines_depmap$broad_cpd_id: BRD-K74514084
NULL
------------------------------------------------------------ 
drug_data_annotated_lines_depmap$broad_cpd_id: BRD-K75293299
NULL
------------------------------------------------------------ 
drug_data_annotated_lines_depmap$broad_cpd_id: BRD-K75295174
NULL
------------------------------------------------------------ 
drug_data_annotated_lines_depmap$broad_cpd_id: BRD-K75308783
NULL
------------------------------------------------------------ 
drug_data_annotated_lines_depmap$broad_cpd_id: BRD-K75430629
NULL
------------------------------------------------------------ 
drug_data_annotated_lines_depmap$broad_cpd_id: BRD-K75664313
NULL
------------------------------------------------------------ 
drug_data_annotated_lines_depmap$broad_cpd_id: BRD-K76674262
NULL
------------------------------------------------------------ 
drug_data_annotated_lines_depmap$broad_cpd_id: BRD-K76703230
NULL
------------------------------------------------------------ 
drug_data_annotated_lines_depmap$broad_cpd_id: BRD-K76894955
NULL
------------------------------------------------------------ 
drug_data_annotated_lines_depmap$broad_cpd_id: BRD-K76964878
NULL
------------------------------------------------------------ 
drug_data_annotated_lines_depmap$broad_cpd_id: BRD-K77625799
NULL
------------------------------------------------------------ 
drug_data_annotated_lines_depmap$broad_cpd_id: BRD-K77908580
NULL
------------------------------------------------------------ 
drug_data_annotated_lines_depmap$broad_cpd_id: BRD-K78118466
NULL
------------------------------------------------------------ 
drug_data_annotated_lines_depmap$broad_cpd_id: BRD-K78431006
NULL
------------------------------------------------------------ 
drug_data_annotated_lines_depmap$broad_cpd_id: BRD-K78574327
NULL
------------------------------------------------------------ 
drug_data_annotated_lines_depmap$broad_cpd_id: BRD-K78599730
NULL
------------------------------------------------------------ 
drug_data_annotated_lines_depmap$broad_cpd_id: BRD-K78659596
NULL
------------------------------------------------------------ 
drug_data_annotated_lines_depmap$broad_cpd_id: BRD-K78667050
NULL
------------------------------------------------------------ 
drug_data_annotated_lines_depmap$broad_cpd_id: BRD-K78978711
NULL
------------------------------------------------------------ 
drug_data_annotated_lines_depmap$broad_cpd_id: BRD-K79239947
NULL
------------------------------------------------------------ 
drug_data_annotated_lines_depmap$broad_cpd_id: BRD-K79254416
NULL
------------------------------------------------------------ 
drug_data_annotated_lines_depmap$broad_cpd_id: BRD-K79669418
NULL
------------------------------------------------------------ 
drug_data_annotated_lines_depmap$broad_cpd_id: BRD-K79877282
NULL
------------------------------------------------------------ 
drug_data_annotated_lines_depmap$broad_cpd_id: BRD-K80183349
NULL
------------------------------------------------------------ 
drug_data_annotated_lines_depmap$broad_cpd_id: BRD-K80672993
NULL
------------------------------------------------------------ 
drug_data_annotated_lines_depmap$broad_cpd_id: BRD-K81335284
NULL
------------------------------------------------------------ 
drug_data_annotated_lines_depmap$broad_cpd_id: BRD-K81418486
NULL
------------------------------------------------------------ 
drug_data_annotated_lines_depmap$broad_cpd_id: BRD-K81458380
NULL
------------------------------------------------------------ 
drug_data_annotated_lines_depmap$broad_cpd_id: BRD-K81473043
NULL
------------------------------------------------------------ 
drug_data_annotated_lines_depmap$broad_cpd_id: BRD-K81491172
NULL
------------------------------------------------------------ 
drug_data_annotated_lines_depmap$broad_cpd_id: BRD-K81528515
NULL
------------------------------------------------------------ 
drug_data_annotated_lines_depmap$broad_cpd_id: BRD-K81651477
NULL
------------------------------------------------------------ 
drug_data_annotated_lines_depmap$broad_cpd_id: BRD-K81728688
NULL
------------------------------------------------------------ 
drug_data_annotated_lines_depmap$broad_cpd_id: BRD-K82109576
NULL
------------------------------------------------------------ 
drug_data_annotated_lines_depmap$broad_cpd_id: BRD-K82746043
NULL
------------------------------------------------------------ 
drug_data_annotated_lines_depmap$broad_cpd_id: BRD-K83213911
NULL
------------------------------------------------------------ 
drug_data_annotated_lines_depmap$broad_cpd_id: BRD-K83289131
NULL
------------------------------------------------------------ 
drug_data_annotated_lines_depmap$broad_cpd_id: BRD-K83336168
NULL
------------------------------------------------------------ 
drug_data_annotated_lines_depmap$broad_cpd_id: BRD-K83607951
NULL
------------------------------------------------------------ 
drug_data_annotated_lines_depmap$broad_cpd_id: BRD-K84466663
NULL
------------------------------------------------------------ 
drug_data_annotated_lines_depmap$broad_cpd_id: BRD-K84754008
NULL
------------------------------------------------------------ 
drug_data_annotated_lines_depmap$broad_cpd_id: BRD-K84807411
NULL
------------------------------------------------------------ 
drug_data_annotated_lines_depmap$broad_cpd_id: BRD-K84937637
NULL
------------------------------------------------------------ 
drug_data_annotated_lines_depmap$broad_cpd_id: BRD-K84964099
NULL
------------------------------------------------------------ 
drug_data_annotated_lines_depmap$broad_cpd_id: BRD-K85133207
NULL
------------------------------------------------------------ 
drug_data_annotated_lines_depmap$broad_cpd_id: BRD-K85606544
NULL
------------------------------------------------------------ 
drug_data_annotated_lines_depmap$broad_cpd_id: BRD-K86525559
NULL
------------------------------------------------------------ 
drug_data_annotated_lines_depmap$broad_cpd_id: BRD-K86535717
NULL
------------------------------------------------------------ 
drug_data_annotated_lines_depmap$broad_cpd_id: BRD-K86574132
NULL
------------------------------------------------------------ 
drug_data_annotated_lines_depmap$broad_cpd_id: BRD-K86787118
NULL
------------------------------------------------------------ 
drug_data_annotated_lines_depmap$broad_cpd_id: BRD-K86856088
NULL
------------------------------------------------------------ 
drug_data_annotated_lines_depmap$broad_cpd_id: BRD-K86930074
NULL
------------------------------------------------------------ 
drug_data_annotated_lines_depmap$broad_cpd_id: BRD-K87124298
NULL
------------------------------------------------------------ 
drug_data_annotated_lines_depmap$broad_cpd_id: BRD-K87142802
NULL
------------------------------------------------------------ 
drug_data_annotated_lines_depmap$broad_cpd_id: BRD-K87317732
NULL
------------------------------------------------------------ 
drug_data_annotated_lines_depmap$broad_cpd_id: BRD-K87737963
NULL
------------------------------------------------------------ 
drug_data_annotated_lines_depmap$broad_cpd_id: BRD-K87774949
NULL
------------------------------------------------------------ 
drug_data_annotated_lines_depmap$broad_cpd_id: BRD-K88025533
NULL
------------------------------------------------------------ 
drug_data_annotated_lines_depmap$broad_cpd_id: BRD-K88510285
NULL
------------------------------------------------------------ 
drug_data_annotated_lines_depmap$broad_cpd_id: BRD-K88544581
NULL
------------------------------------------------------------ 
drug_data_annotated_lines_depmap$broad_cpd_id: BRD-K88742110
NULL
------------------------------------------------------------ 
drug_data_annotated_lines_depmap$broad_cpd_id: BRD-K89162000
NULL
------------------------------------------------------------ 
drug_data_annotated_lines_depmap$broad_cpd_id: BRD-K89329876
NULL
------------------------------------------------------------ 
drug_data_annotated_lines_depmap$broad_cpd_id: BRD-K89391146
NULL
------------------------------------------------------------ 
drug_data_annotated_lines_depmap$broad_cpd_id: BRD-K89692698
NULL
------------------------------------------------------------ 
drug_data_annotated_lines_depmap$broad_cpd_id: BRD-K89732114
NULL
------------------------------------------------------------ 
drug_data_annotated_lines_depmap$broad_cpd_id: BRD-K90370028
NULL
------------------------------------------------------------ 
drug_data_annotated_lines_depmap$broad_cpd_id: BRD-K90382497
NULL
------------------------------------------------------------ 
drug_data_annotated_lines_depmap$broad_cpd_id: BRD-K90570971
NULL
------------------------------------------------------------ 
drug_data_annotated_lines_depmap$broad_cpd_id: BRD-K90746395
NULL
------------------------------------------------------------ 
drug_data_annotated_lines_depmap$broad_cpd_id: BRD-K90860366
NULL
------------------------------------------------------------ 
drug_data_annotated_lines_depmap$broad_cpd_id: BRD-K92041145
NULL
------------------------------------------------------------ 
drug_data_annotated_lines_depmap$broad_cpd_id: BRD-K92093830
NULL
------------------------------------------------------------ 
drug_data_annotated_lines_depmap$broad_cpd_id: BRD-K92241597
NULL
------------------------------------------------------------ 
drug_data_annotated_lines_depmap$broad_cpd_id: BRD-K92428232
NULL
------------------------------------------------------------ 
drug_data_annotated_lines_depmap$broad_cpd_id: BRD-K92441787
NULL
------------------------------------------------------------ 
drug_data_annotated_lines_depmap$broad_cpd_id: BRD-K92723993
NULL
------------------------------------------------------------ 
drug_data_annotated_lines_depmap$broad_cpd_id: BRD-K92856060
NULL
------------------------------------------------------------ 
drug_data_annotated_lines_depmap$broad_cpd_id: BRD-K92960067
NULL
------------------------------------------------------------ 
drug_data_annotated_lines_depmap$broad_cpd_id: BRD-K92991072
NULL
------------------------------------------------------------ 
drug_data_annotated_lines_depmap$broad_cpd_id: BRD-K93095519
NULL
------------------------------------------------------------ 
drug_data_annotated_lines_depmap$broad_cpd_id: BRD-K93123848
NULL
------------------------------------------------------------ 
drug_data_annotated_lines_depmap$broad_cpd_id: BRD-K93176058
NULL
------------------------------------------------------------ 
drug_data_annotated_lines_depmap$broad_cpd_id: BRD-K93367411
NULL
------------------------------------------------------------ 
drug_data_annotated_lines_depmap$broad_cpd_id: BRD-K93442924
NULL
------------------------------------------------------------ 
drug_data_annotated_lines_depmap$broad_cpd_id: BRD-K93754473
NULL
------------------------------------------------------------ 
drug_data_annotated_lines_depmap$broad_cpd_id: BRD-K93918653
NULL
------------------------------------------------------------ 
drug_data_annotated_lines_depmap$broad_cpd_id: BRD-K94145482
NULL
------------------------------------------------------------ 
drug_data_annotated_lines_depmap$broad_cpd_id: BRD-K94991378
NULL
------------------------------------------------------------ 
drug_data_annotated_lines_depmap$broad_cpd_id: BRD-K96335988
NULL
------------------------------------------------------------ 
drug_data_annotated_lines_depmap$broad_cpd_id: BRD-K96431673
NULL
------------------------------------------------------------ 
drug_data_annotated_lines_depmap$broad_cpd_id: BRD-K96799727
NULL
------------------------------------------------------------ 
drug_data_annotated_lines_depmap$broad_cpd_id: BRD-K96970199
NULL
------------------------------------------------------------ 
drug_data_annotated_lines_depmap$broad_cpd_id: BRD-K97651142
NULL
------------------------------------------------------------ 
drug_data_annotated_lines_depmap$broad_cpd_id: BRD-K98203492
NULL
------------------------------------------------------------ 
drug_data_annotated_lines_depmap$broad_cpd_id: BRD-K98404142
NULL
------------------------------------------------------------ 
drug_data_annotated_lines_depmap$broad_cpd_id: BRD-K98538768
NULL
------------------------------------------------------------ 
drug_data_annotated_lines_depmap$broad_cpd_id: BRD-K99006945
NULL
------------------------------------------------------------ 
drug_data_annotated_lines_depmap$broad_cpd_id: BRD-K99584050
NULL
------------------------------------------------------------ 
drug_data_annotated_lines_depmap$broad_cpd_id: BRD-K99655327
NULL
------------------------------------------------------------ 
drug_data_annotated_lines_depmap$broad_cpd_id: BRD-K99749624
NULL
------------------------------------------------------------ 
drug_data_annotated_lines_depmap$broad_cpd_id: BRD-M00053801
NULL
------------------------------------------------------------ 
drug_data_annotated_lines_depmap$broad_cpd_id: BRD-M01915239
NULL
------------------------------------------------------------ 
drug_data_annotated_lines_depmap$broad_cpd_id: BRD-M02488208
NULL
------------------------------------------------------------ 
drug_data_annotated_lines_depmap$broad_cpd_id: BRD-M03799014
NULL
------------------------------------------------------------ 
drug_data_annotated_lines_depmap$broad_cpd_id: BRD-M07227555
NULL
------------------------------------------------------------ 
drug_data_annotated_lines_depmap$broad_cpd_id: BRD-M07476339
NULL
------------------------------------------------------------ 
drug_data_annotated_lines_depmap$broad_cpd_id: BRD-M09269305
NULL
------------------------------------------------------------ 
drug_data_annotated_lines_depmap$broad_cpd_id: BRD-M09675615
NULL
------------------------------------------------------------ 
drug_data_annotated_lines_depmap$broad_cpd_id: BRD-M11510342
NULL
------------------------------------------------------------ 
drug_data_annotated_lines_depmap$broad_cpd_id: BRD-M14820059
NULL
------------------------------------------------------------ 
drug_data_annotated_lines_depmap$broad_cpd_id: BRD-M18136176
NULL
------------------------------------------------------------ 
drug_data_annotated_lines_depmap$broad_cpd_id: BRD-M23096439
NULL
------------------------------------------------------------ 
drug_data_annotated_lines_depmap$broad_cpd_id: BRD-M23798888
NULL
------------------------------------------------------------ 
drug_data_annotated_lines_depmap$broad_cpd_id: BRD-M25329837
NULL
------------------------------------------------------------ 
drug_data_annotated_lines_depmap$broad_cpd_id: BRD-M27152968
NULL
------------------------------------------------------------ 
drug_data_annotated_lines_depmap$broad_cpd_id: BRD-M28943608
NULL
------------------------------------------------------------ 
drug_data_annotated_lines_depmap$broad_cpd_id: BRD-M31706333
NULL
------------------------------------------------------------ 
drug_data_annotated_lines_depmap$broad_cpd_id: BRD-M34300043
NULL
------------------------------------------------------------ 
drug_data_annotated_lines_depmap$broad_cpd_id: BRD-M37545453
NULL
------------------------------------------------------------ 
drug_data_annotated_lines_depmap$broad_cpd_id: BRD-M39460218
NULL
------------------------------------------------------------ 
drug_data_annotated_lines_depmap$broad_cpd_id: BRD-M39644375
NULL
------------------------------------------------------------ 
drug_data_annotated_lines_depmap$broad_cpd_id: BRD-M41695494
NULL
------------------------------------------------------------ 
drug_data_annotated_lines_depmap$broad_cpd_id: BRD-M41956198
NULL
------------------------------------------------------------ 
drug_data_annotated_lines_depmap$broad_cpd_id: BRD-M43334969
NULL
------------------------------------------------------------ 
drug_data_annotated_lines_depmap$broad_cpd_id: BRD-M43399311
NULL
------------------------------------------------------------ 
drug_data_annotated_lines_depmap$broad_cpd_id: BRD-M45185124
NULL
------------------------------------------------------------ 
drug_data_annotated_lines_depmap$broad_cpd_id: BRD-M45217710
NULL
------------------------------------------------------------ 
drug_data_annotated_lines_depmap$broad_cpd_id: BRD-M46138460
NULL
------------------------------------------------------------ 
drug_data_annotated_lines_depmap$broad_cpd_id: BRD-M48845972
NULL
------------------------------------------------------------ 
drug_data_annotated_lines_depmap$broad_cpd_id: BRD-M55709992
NULL
------------------------------------------------------------ 
drug_data_annotated_lines_depmap$broad_cpd_id: BRD-M56714493
NULL
------------------------------------------------------------ 
drug_data_annotated_lines_depmap$broad_cpd_id: BRD-M56962220
NULL
------------------------------------------------------------ 
drug_data_annotated_lines_depmap$broad_cpd_id: BRD-M58862563
NULL
------------------------------------------------------------ 
drug_data_annotated_lines_depmap$broad_cpd_id: BRD-M60251345
NULL
------------------------------------------------------------ 
drug_data_annotated_lines_depmap$broad_cpd_id: BRD-M60574774
NULL
------------------------------------------------------------ 
drug_data_annotated_lines_depmap$broad_cpd_id: BRD-M63575423
NULL
------------------------------------------------------------ 
drug_data_annotated_lines_depmap$broad_cpd_id: BRD-M65857522
NULL
------------------------------------------------------------ 
drug_data_annotated_lines_depmap$broad_cpd_id: BRD-M68452404
NULL
------------------------------------------------------------ 
drug_data_annotated_lines_depmap$broad_cpd_id: BRD-M68535767
NULL
------------------------------------------------------------ 
drug_data_annotated_lines_depmap$broad_cpd_id: BRD-M71072276
NULL
------------------------------------------------------------ 
drug_data_annotated_lines_depmap$broad_cpd_id: BRD-M74379094
NULL
------------------------------------------------------------ 
drug_data_annotated_lines_depmap$broad_cpd_id: BRD-M76874421
NULL
------------------------------------------------------------ 
drug_data_annotated_lines_depmap$broad_cpd_id: BRD-M80099012
NULL
------------------------------------------------------------ 
drug_data_annotated_lines_depmap$broad_cpd_id: BRD-M86771886
NULL
------------------------------------------------------------ 
drug_data_annotated_lines_depmap$broad_cpd_id: BRD-M87479906
NULL
------------------------------------------------------------ 
drug_data_annotated_lines_depmap$broad_cpd_id: BRD-M89326994
NULL
------------------------------------------------------------ 
drug_data_annotated_lines_depmap$broad_cpd_id: BRD-M94091398
NULL
------------------------------------------------------------ 
drug_data_annotated_lines_depmap$broad_cpd_id: BRD-M94343540
NULL
------------------------------------------------------------ 
drug_data_annotated_lines_depmap$broad_cpd_id: BRD-M95284333
NULL
------------------------------------------------------------ 
drug_data_annotated_lines_depmap$broad_cpd_id: BRD-M97749165
NULL
------------------------------------------------------------ 
drug_data_annotated_lines_depmap$broad_cpd_id: BRD-M98616540
NULL
